c:\users\antoi\c++\sae\exercices\platformer\x64\debug\vc143.pdb
c:\users\antoi\c++\sae\exercices\platformer\x64\debug\vc143.idb
c:\users\antoi\c++\sae\exercices\platformer\x64\debug\platformer.obj
c:\users\antoi\c++\sae\exercices\platformer\x64\debug\physique.obj
c:\users\antoi\c++\sae\exercices\platformer\x64\debug\platformer.exe
c:\users\antoi\c++\sae\exercices\platformer\x64\debug\platformer.ilk
c:\users\antoi\c++\sae\exercices\platformer\x64\debug\platformer.pdb
c:\users\antoi\c++\sae\exercices\platformer\x64\debug\sfml-graphics-d-2.dll
c:\users\antoi\c++\sae\exercices\platformer\x64\debug\sfml-window-d-2.dll
c:\users\antoi\c++\sae\exercices\platformer\x64\debug\sfml-system-d-2.dll
c:\users\antoi\c++\sae\exercices\platformer\x64\debug\freetyped.dll
c:\users\antoi\c++\sae\exercices\platformer\x64\debug\zlibd1.dll
c:\users\antoi\c++\sae\exercices\platformer\x64\debug\bz2d.dll
c:\users\antoi\c++\sae\exercices\platformer\x64\debug\libpng16d.dll
c:\users\antoi\c++\sae\exercices\platformer\x64\debug\brotlidec.dll
c:\users\antoi\c++\sae\exercices\platformer\x64\debug\brotlicommon.dll
c:\users\antoi\c++\sae\exercices\platformer\x64\debug\platformer.tlog\cl.command.1.tlog
c:\users\antoi\c++\sae\exercices\platformer\x64\debug\platformer.tlog\cl.items.tlog
c:\users\antoi\c++\sae\exercices\platformer\x64\debug\platformer.tlog\cl.read.1.tlog
c:\users\antoi\c++\sae\exercices\platformer\x64\debug\platformer.tlog\cl.write.1.tlog
c:\users\antoi\c++\sae\exercices\platformer\x64\debug\platformer.tlog\link.command.1.tlog
c:\users\antoi\c++\sae\exercices\platformer\x64\debug\platformer.tlog\link.read.1.tlog
c:\users\antoi\c++\sae\exercices\platformer\x64\debug\platformer.tlog\link.write.1.tlog
c:\users\antoi\c++\sae\exercices\platformer\x64\debug\platformer.tlog\platformer.write.1u.tlog
